Controller found 'src\Controller\Home' for path /home
21-11-17 10:37:02-Controller found 'src\Controller\Home' for path /home
21-11-17 10:37:02-Controller found 'src\Controller\Home' for path /home
21-11-17 10:40:27-Controller found 'src\Controller\Home' for path /home
21-11-17 10:40:28-Controller found 'src\Controller\Home' for path /home
21-11-17 10:40:28-Controller found 'src\Controller\Home' for path /home
21-11-17 10:49:53-Controller found 'src\Controller\Home' for path /home
21-11-17 10:49:55-Controller found 'src\Controller\Home' for path /home
21-11-17 10:49:56-Controller found 'src\Controller\Info' for path /info
21-11-17 10:49:56-Controller found 'src\Controller\Query' for path /query
21-11-17 10:50:03-Controller found 'src\Controller\Form' for path /form
21-11-17 10:51:21-Controller found 'src\Controller\Form' for path /form
21-11-17 10:51:27-Controller found 'src\Controller\Form' for path /form
21-11-17 10:51:28-Controller found 'src\Controller\Form' for path /form
21-11-17 10:55:08-Controller found 'src\Controller\Form' for path /form
21-11-17 10:55:36-Controller found 'src\Controller\Form' for path /form
21-11-17 11:10:06-Controller found 'src\Controller\Form' for path /form
21-11-17 11:10:09-Controller found 'src\Controller\Home' for path /home
21-11-17 11:11:01-Controller found 'src\Controller\Form' for path /form
21-11-17 11:12:34-Controller found 'src\Controller\Form' for path /form
21-11-17 11:12:35-Controller found 'src\Controller\Form' for path /form
21-11-17 11:12:35-Controller found 'src\Controller\Form' for path /form
21-11-17 11:12:53-Controller found 'src\Controller\Form' for path /form
21-11-17 11:12:55-Controller found 'src\Controller\Form' for path /form
21-11-17 11:14:33-Controller found 'src\Controller\Form' for path /form
21-11-17 11:15:07-Controller found 'src\Controller\Form' for path /form
21-11-17 11:15:39-Controller found 'src\Controller\Form' for path /form
21-11-17 11:15:46-Controller found 'src\Controller\Form' for path /form
21-11-17 11:16:11-Controller found 'src\Controller\Form' for path /form
21-11-17 11:16:37-Controller found 'src\Controller\Form' for path /form
21-11-17 11:18:43-Controller found 'src\Controller\Form' for path /form
21-11-17 11:18:44-Controller found 'src\Controller\Form' for path /form
21-11-17 11:18:44-Controller found 'src\Controller\Form' for path /form
21-11-17 11:18:44-Controller found 'src\Controller\Form' for path /form
21-11-17 11:18:45-Controller found 'src\Controller\Form' for path /form
21-11-17 11:18:47-Controller found 'src\Controller\Home' for path /home
21-11-17 11:18:50-Controller found 'src\Controller\Form' for path /form
21-11-17 11:19:33-Controller found 'src\Controller\Form' for path /form
21-11-17 11:19:41-Controller found 'src\Controller\Form' for path /form
21-11-17 11:22:31-Controller found 'src\Controller\Form' for path /form
21-11-17 11:22:31-Controller found 'src\Controller\Form' for path /form
21-11-17 11:22:32-Controller found 'src\Controller\Form' for path /form
21-11-17 11:24:14-Controller found 'src\Controller\Form' for path /form
21-11-17 11:24:14-Controller found 'src\Controller\Form' for path /form
21-11-17 11:24:14-Controller found 'src\Controller\Form' for path /form
21-11-17 11:24:15-Controller found 'src\Controller\Form' for path /form
21-11-17 11:24:15-Controller found 'src\Controller\Form' for path /form
21-11-17 11:24:15-Controller found 'src\Controller\Form' for path /form
21-11-17 11:24:15-Controller found 'src\Controller\Form' for path /form
21-11-17 11:24:19-Controller found 'src\Controller\Home' for path /home
21-11-17 11:24:22-Controller found 'src\Controller\Form' for path /form
21-11-17 11:24:38-Controller found 'src\Controller\Form' for path /form
21-11-17 11:25:46-Controller found 'src\Controller\Form' for path /form
21-11-17 11:27:08-Controller found 'src\Controller\Form' for path /form
21-11-17 11:27:08-Controller found 'src\Controller\Form' for path /form
21-11-17 11:27:08-Controller found 'src\Controller\Form' for path /form
21-11-17 11:27:08-Controller found 'src\Controller\Form' for path /form
21-11-17 11:27:09-Controller found 'src\Controller\Form' for path /form
21-11-17 11:27:09-Controller found 'src\Controller\Form' for path /form
21-11-17 11:27:09-Controller found 'src\Controller\Form' for path /form
21-11-17 11:27:09-Controller found 'src\Controller\Form' for path /form
21-11-17 11:27:09-Controller found 'src\Controller\Form' for path /form
21-11-17 11:27:10-Controller found 'src\Controller\Form' for path /form
21-11-17 11:27:10-Controller found 'src\Controller\Form' for path /form
21-11-17 11:27:10-Controller found 'src\Controller\Form' for path /form
21-11-17 11:27:10-Controller found 'src\Controller\Form' for path /form
21-11-17 11:27:10-Controller found 'src\Controller\Form' for path /form
21-11-17 11:27:11-Controller found 'src\Controller\Form' for path /form
21-11-17 11:27:11-Controller found 'src\Controller\Form' for path /form
21-11-17 11:27:11-Controller found 'src\Controller\Form' for path /form
21-11-17 11:27:11-Controller found 'src\Controller\Form' for path /form
21-11-17 11:27:12-Controller found 'src\Controller\Form' for path /form
21-11-17 11:27:12-Controller found 'src\Controller\Form' for path /form
21-11-17 11:27:12-Controller found 'src\Controller\Form' for path /form
21-11-17 11:27:12-Controller found 'src\Controller\Form' for path /form
21-11-17 11:28:03-Controller found 'src\Controller\Home' for path /home
21-11-17 11:28:15-Controller found 'src\Controller\Form' for path /form
21-11-17 11:40:42-Controller found 'src\Controller\Home' for path /home
21-11-17 11:40:45-Controller found 'src\Controller\Form' for path /form
21-11-17 11:41:57-Controller found 'src\Controller\Form' for path /form
21-11-17 11:41:57-Controller found 'src\Controller\Form' for path /form
21-11-17 11:41:57-Controller found 'src\Controller\Form' for path /form
21-11-17 11:41:58-Controller found 'src\Controller\Form' for path /form
21-11-17 11:41:58-Controller found 'src\Controller\Form' for path /form
21-11-17 11:41:58-Controller found 'src\Controller\Form' for path /form
21-11-17 11:41:58-Controller found 'src\Controller\Form' for path /form
21-11-17 11:41:58-Controller found 'src\Controller\Form' for path /form
21-11-17 11:42:13-Controller found 'src\Controller\Form' for path /form
21-11-17 11:42:15-Controller found 'src\Controller\Form' for path /form
21-11-17 11:44:51-Controller found 'src\Controller\Form' for path /form
21-11-17 11:45:45-Controller found 'src\Controller\Form' for path /form
21-11-17 13:30:46-Controller found 'src\Controller\Form' for path /form
21-11-17 13:30:47-Controller found 'src\Controller\Form' for path /form
21-11-17 13:31:10-Controller found 'src\Controller\Form' for path /form
21-11-17 13:31:12-Controller found 'src\Controller\Form' for path /form
21-11-17 13:31:13-Controller found 'src\Controller\Form' for path /form
21-11-17 13:32:04-Controller found 'src\Controller\Form' for path /form
21-11-17 13:32:12-Controller found 'src\Controller\Form' for path /form
21-11-17 13:32:36-Controller found 'src\Controller\Form' for path /form
21-11-17 13:33:11-Controller found 'src\Controller\Form' for path /form
21-11-17 13:49:29-Controller found 'src\Controller\Form' for path /form
21-11-17 13:50:26-Controller found 'src\Controller\DeleteMood' for path /deleteMood
21-11-17 13:50:26-Controller found 'src\Controller\Form' for path /form
21-11-17 14:12:37-Controller found 'src\Controller\Form' for path /form
21-11-17 14:13:44-Controller found 'src\Controller\Form' for path /form
21-11-17 14:16:05-Controller found 'src\Controller\Form' for path /form
21-11-17 14:16:27-Controller found 'src\Controller\Form' for path /form
21-11-17 14:16:27-Controller found 'src\Controller\Form' for path /form
21-11-17 14:16:28-Controller found 'src\Controller\Form' for path /form
21-11-17 14:16:28-Controller found 'src\Controller\Form' for path /form
21-11-17 14:16:45-Controller found 'src\Controller\Form' for path /form
21-11-17 14:17:52-Controller found 'src\Controller\Form' for path /form
21-11-17 14:17:53-Controller found 'src\Controller\Form' for path /form
21-11-17 14:17:54-Controller found 'src\Controller\Form' for path /form
21-11-17 14:17:55-Controller found 'src\Controller\Form' for path /form
21-11-17 14:17:56-Controller found 'src\Controller\Form' for path /form
21-11-17 14:17:59-Controller found 'src\Controller\Form' for path /form
21-11-17 14:18:00-Controller found 'src\Controller\Form' for path /form
21-11-17 14:18:57-Controller found 'src\Controller\Form' for path /form
21-11-17 14:19:24-Controller found 'src\Controller\Form' for path /form
21-11-17 14:19:25-Controller found 'src\Controller\DeleteMood' for path /deleteMood
21-11-17 14:19:25-Controller found 'src\Controller\Form' for path /form
21-11-17 14:19:25-Controller found 'src\Controller\DeleteMood' for path /deleteMood
21-11-17 14:19:25-Controller found 'src\Controller\Form' for path /form
21-11-17 14:19:26-Controller found 'src\Controller\DeleteMood' for path /deleteMood
21-11-17 14:19:26-Controller found 'src\Controller\Form' for path /form
21-11-17 14:26:01-Controller found 'src\Controller\Form' for path /form
21-11-17 14:55:05-Controller found 'src\Controller\Form' for path /form
21-11-17 14:56:33-Controller found 'src\Controller\Form' for path /form
21-11-17 14:56:35-Controller found 'src\Controller\DeleteMood' for path /deleteMood
21-11-17 14:56:35-Controller found 'src\Controller\Form' for path /form
21-11-17 14:56:35-Controller found 'src\Controller\DeleteMood' for path /deleteMood
21-11-17 14:56:35-Controller found 'src\Controller\Form' for path /form
21-11-17 14:56:47-Controller found 'src\Controller\Form' for path /form
21-11-17 14:57:33-Controller found 'src\Controller\Form' for path /form
21-11-17 14:59:11-Controller found 'src\Controller\Form' for path /form
21-11-17 15:14:24-Controller found 'src\Controller\Form' for path /form
21-11-17 15:17:56-Controller found 'src\Controller\Form' for path /form
21-11-17 15:18:25-Controller found 'src\Controller\Form' for path /form
21-11-17 15:18:46-Controller found 'src\Controller\Form' for path /form
21-11-17 15:19:01-Controller found 'src\Controller\Form' for path /form
21-11-17 15:19:03-Controller found 'src\Controller\DeleteMood' for path /deleteMood
21-11-17 15:19:03-Controller found 'src\Controller\Form' for path /form
21-11-17 16:19:51-Controller found 'src\Controller\Form' for path /form
21-11-17 16:24:21-Controller found 'src\Controller\Message' for path /message
21-11-17 16:25:09-Controller found 'src\Controller\Message' for path /message
21-11-17 16:25:59-Controller found 'src\Controller\Message' for path /message
21-11-17 16:26:52-Controller found 'src\Controller\Message' for path /message
21-11-17 16:28:00-Controller found 'src\Controller\Message' for path /message
21-11-17 16:29:05-Controller found 'src\Controller\Message' for path /message
21-11-17 16:29:27-Controller found 'src\Controller\Message' for path /message
21-11-17 16:29:35-Controller found 'src\Controller\Message' for path /message
21-11-17 16:30:17-Controller found 'src\Controller\Message' for path /message
21-11-17 16:30:21-Controller found 'src\Controller\Message' for path /message
21-11-17 16:31:51-Controller found 'src\Controller\Message' for path /message
21-11-17 16:31:54-Controller found 'src\Controller\Message' for path /message
21-11-17 16:32:52-Controller found 'src\Controller\Message' for path /message
21-11-17 16:33:21-Controller found 'src\Controller\Message' for path /message
21-11-17 16:34:53-Controller found 'src\Controller\Message' for path /message
21-11-17 16:35:52-Controller found 'src\Controller\Message' for path /message
21-11-17 16:36:21-Controller found 'src\Controller\Message' for path /message
21-11-17 16:37:09-Controller found 'src\Controller\Message' for path /message
21-11-17 16:37:32-Controller found 'src\Controller\Message' for path /message
21-11-18 09:26:40-Controller found 'src\Controller\Home' for path /home
21-11-18 09:27:22-Controller found 'src\Controller\Home' for path /home
21-11-18 09:27:23-Controller found 'src\Controller\Home' for path /home
21-11-18 09:27:23-Controller found 'src\Controller\Home' for path /home
21-11-18 09:28:56-Controller found 'src\Controller\Home' for path /home
21-11-18 09:29:06-Controller found 'src\Controller\Message' for path /message
21-11-18 09:30:14-Controller found 'src\Controller\Message' for path /message
21-11-18 09:30:15-Controller found 'src\Controller\Message' for path /message
21-11-18 09:32:27-Controller found 'src\Controller\Message' for path /message
21-11-18 09:37:01-Controller found 'src\Controller\Message' for path /message
21-11-18 09:37:02-Controller found 'src\Controller\Message' for path /message
21-11-18 09:40:39-Controller found 'src\Controller\Message' for path /message
21-11-18 09:41:04-Controller found 'src\Controller\Message' for path /message
21-11-18 09:41:39-Controller found 'src\Controller\Message' for path /message
21-11-18 09:42:01-Controller found 'src\Controller\Message' for path /message
21-11-18 09:42:09-Controller found 'src\Controller\Message' for path /message
21-11-18 09:54:20-Controller found 'src\Controller\Message' for path /message
21-11-18 09:59:00-Controller found 'src\Controller\Message' for path /message
21-11-18 09:59:12-Controller found 'src\Controller\Message' for path /message
21-11-18 09:59:19-Controller found 'src\Controller\DeleteChat' for path /deleteChat
21-11-18 10:08:56-Controller found 'src\Controller\Message' for path /message
21-11-18 10:08:59-Controller found 'src\Controller\DeleteChat' for path /deleteChat
21-11-18 10:17:28-Controller found 'src\Controller\Message' for path /message
21-11-18 10:17:38-Controller found 'src\Controller\Message' for path /message
21-11-18 10:17:40-Controller found 'src\Controller\DeleteChat' for path /deleteChat
21-11-18 10:19:06-Controller found 'src\Controller\DeleteChat' for path /deleteChat
21-11-18 10:19:09-Controller found 'src\Controller\Home' for path /home
21-11-18 10:19:59-Controller found 'src\Controller\Message' for path /message
21-11-18 10:20:01-Controller found 'src\Controller\Home' for path /home
21-11-18 10:20:02-Controller found 'src\Controller\Query' for path /query
21-11-18 10:20:03-Controller found 'src\Controller\Info' for path /info
21-11-18 10:20:04-Controller found 'src\Controller\Home' for path /home
21-11-18 10:20:07-Controller found 'src\Controller\Message' for path /message
21-11-18 10:20:09-Controller found 'src\Controller\DeleteChat' for path /deleteChat
21-11-18 10:22:04-Controller found 'src\Controller\Query' for path /query
21-11-18 10:22:05-Controller found 'src\Controller\Info' for path /info
21-11-18 10:22:05-Controller found 'src\Controller\Home' for path /home
21-11-18 10:22:06-Controller found 'src\Controller\Query' for path /query
21-11-18 10:22:14-Controller found 'src\Controller\Form' for path /form
21-11-18 10:22:17-Controller found 'src\Controller\DeleteMood' for path /deleteMood
21-11-18 10:22:17-Controller found 'src\Controller\Form' for path /form
21-11-18 10:25:55-Controller found 'src\Controller\Message' for path /message
21-11-18 10:25:58-Controller found 'src\Controller\DeleteChat' for path /deleteChat
21-11-18 10:26:07-Controller found 'src\Controller\DeleteChat' for path /deleteChat
21-11-18 10:26:19-Controller found 'src\Controller\DeleteChat' for path /deleteChat
21-11-18 10:26:31-Controller found 'src\Controller\DeleteChat' for path /deleteChat
21-11-18 10:26:46-Controller found 'src\Controller\DeleteChat' for path /deleteChat
21-11-18 10:26:46-Controller found 'src\Controller\Form' for path /form
21-11-18 10:26:50-Controller found 'src\Controller\Message' for path /message
21-11-18 10:26:53-Controller found 'src\Controller\DeleteChat' for path /deleteChat
21-11-18 10:26:53-Controller found 'src\Controller\Form' for path /form
21-11-18 10:27:25-Controller found 'src\Controller\Message' for path /message
21-11-18 10:27:29-Controller found 'src\Controller\DeleteChat' for path /deleteChat
21-11-18 10:27:29-Controller found 'src\Controller\Message' for path /message
21-11-18 10:27:44-Controller found 'src\Controller\DeleteChat' for path /deleteChat
21-11-18 10:27:44-Controller found 'src\Controller\Message' for path /message
21-11-18 11:06:17-Controller found 'src\Controller\Info' for path /info
21-11-18 11:06:18-Controller found 'src\Controller\Home' for path /home
21-11-18 11:06:19-Controller found 'src\Controller\Query' for path /query
21-11-18 11:06:21-Controller found 'src\Controller\Info' for path /info
21-11-18 11:06:21-Controller found 'src\Controller\Home' for path /home
21-11-18 11:06:22-Controller found 'src\Controller\Info' for path /info
21-11-18 11:06:22-Controller found 'src\Controller\Query' for path /query
21-11-18 11:06:25-Controller found 'src\Controller\Message' for path /message
21-11-18 11:06:29-Controller found 'src\Controller\Query' for path /query
21-11-18 11:06:53-Controller found 'src\Controller\Query' for path /query
21-11-18 11:06:55-Controller found 'src\Controller\Info' for path /info
21-11-18 11:06:55-Controller found 'src\Controller\Query' for path /query
21-11-18 11:09:47-Controller found 'src\Controller\Query' for path /query
21-11-18 11:10:10-Controller found 'src\Controller\Query' for path /query
21-11-18 11:10:12-Controller found 'src\Controller\Query' for path /query
21-11-18 11:10:50-Controller found 'src\Controller\Query' for path /query
21-11-18 11:11:10-Controller found 'src\Controller\Query' for path /query
21-11-18 11:11:24-Controller found 'src\Controller\Query' for path /query
21-11-18 11:11:27-Controller found 'src\Controller\Query' for path /query
21-11-18 11:11:30-Controller found 'src\Controller\Info' for path /info
21-11-18 11:11:31-Controller found 'src\Controller\Query' for path /query
21-11-18 14:07:36-Controller found 'src\Controller\Home' for path /home
21-11-18 14:08:12-Controller found 'src\Controller\ConnexionUser' for path /connexion
21-11-18 14:12:03-Controller found 'src\Controller\ConnexionUser' for path /connexion
21-11-18 14:18:01-Controller found 'src\Controller\ConnexionUser' for path /connexion
21-11-18 14:18:57-Controller found 'src\Controller\ConnexionUser' for path /connexion
21-11-18 14:19:28-Controller found 'src\Controller\ConnexionUser' for path /connexion
21-11-18 14:19:52-Controller found 'src\Controller\ConnexionUser' for path /connexion
21-11-18 14:19:59-Controller found 'src\Controller\ConnexionUser' for path /connexion
21-11-18 14:23:24-Controller found 'src\Controller\ConnexionUser' for path /connexion
21-11-18 14:23:30-Controller found 'src\Controller\ConnexionUser' for path /connexion
21-11-18 14:23:35-Controller found 'src\Controller\ConnexionUser' for path /connexion
21-11-18 14:23:36-Controller found 'src\Controller\ConnexionUser' for path /connexion
21-11-18 14:23:36-Controller found 'src\Controller\ConnexionUser' for path /connexion
21-11-18 14:23:36-Controller found 'src\Controller\ConnexionUser' for path /connexion
21-11-18 14:23:36-Controller found 'src\Controller\ConnexionUser' for path /connexion
21-11-18 14:23:36-Controller found 'src\Controller\ConnexionUser' for path /connexion
21-11-18 14:23:43-Controller found 'src\Controller\ConnexionUser' for path /connexion
21-11-18 14:24:00-Controller found 'src\Controller\ConnexionUser' for path /connexion
21-11-18 14:24:01-Controller found 'src\Controller\ConnexionUser' for path /connexion
21-11-18 14:24:01-Controller found 'src\Controller\ConnexionUser' for path /connexion
21-11-18 14:24:01-Controller found 'src\Controller\ConnexionUser' for path /connexion
21-11-18 14:27:00-Controller found 'src\Controller\Home' for path /home
21-11-18 14:27:17-Controller found 'src\Controller\Home' for path /home
21-11-18 14:27:18-Controller found 'src\Controller\ConnexionUser' for path /connexion
21-11-18 14:28:18-Controller found 'src\Controller\Message' for path /message
21-11-18 14:28:28-Controller found 'src\Controller\Message' for path /message
21-11-18 14:32:05-Controller found 'src\Controller\Home' for path /home
21-11-18 14:32:06-Controller found 'src\Controller\ConnexionUser' for path /connexion
21-11-18 14:34:19-Controller found 'src\Controller\ConnexionUser' for path /inscription
21-11-18 14:34:32-Controller found 'src\Controller\ConnexionUser' for path /inscription
21-11-18 14:34:33-Controller found 'src\Controller\ConnexionUser' for path /inscription
21-11-18 14:34:33-Controller found 'src\Controller\ConnexionUser' for path /inscription
21-11-18 14:34:33-Controller found 'src\Controller\ConnexionUser' for path /inscription
21-11-18 14:34:36-Controller found 'src\Controller\Home' for path /home
21-11-18 14:34:37-Controller found 'src\Controller\ConnexionUser' for path /inscription
21-11-18 14:43:35-Controller found 'src\Controller\ConnexionUser' for path /inscription
21-11-18 14:48:07-Controller found 'src\Controller\ConnexionUser' for path /inscription
21-11-18 14:50:22-Controller found 'src\Controller\ConnexionUser' for path /inscription
21-11-18 14:50:31-Controller found 'src\Controller\Home' for path /home
21-11-18 14:50:31-Controller found 'src\Controller\ConnexionUser' for path /inscription
21-11-18 14:50:57-Controller found 'src\Controller\InscriptionUser' for path /inscription
21-11-18 14:50:58-Controller found 'src\Controller\InscriptionUser' for path /inscription
21-11-18 14:50:58-Controller found 'src\Controller\InscriptionUser' for path /inscription
21-11-18 14:51:07-Controller found 'src\Controller\InscriptionUser' for path /inscription
21-11-18 14:51:10-Controller found 'src\Controller\Home' for path /home
21-11-18 14:51:12-Controller found 'src\Controller\InscriptionUser' for path /inscription
21-11-18 14:55:25-Controller found 'src\Controller\InscriptionUser' for path /inscription
21-11-18 14:55:45-Controller found 'src\Controller\InscriptionUser' for path /inscription
21-11-18 14:59:35-Controller found 'src\Controller\InscriptionUser' for path /inscription
21-11-18 15:00:00-Controller found 'src\Controller\InscriptionUser' for path /inscription
21-11-18 15:00:05-Controller found 'src\Controller\InscriptionUser' for path /inscription
21-11-18 15:01:13-Controller found 'src\Controller\Form' for path /form
21-11-18 15:01:15-Controller found 'src\Controller\Home' for path /home
21-11-18 15:01:21-Controller found 'src\Controller\InscriptionUser' for path /inscription
